[19-Aug-2018 01:10:16] NOTICE: fpm is running, pid 12705
[19-Aug-2018 01:10:16] NOTICE: ready to handle connections
[19-Aug-2018 20:41:13] NOTICE: fpm is running, pid 1896
[19-Aug-2018 20:41:13] NOTICE: ready to handle connections
[20-Aug-2018 01:44:20] NOTICE: fpm is running, pid 2526
[20-Aug-2018 01:44:20] NOTICE: ready to handle connections
[20-Aug-2018 19:08:41] NOTICE: fpm is running, pid 2421
[20-Aug-2018 19:08:41] NOTICE: ready to handle connections
[20-Aug-2018 21:28:00] NOTICE: Terminating ...
[20-Aug-2018 21:28:00] NOTICE: exiting, bye-bye!
[20-Aug-2018 21:28:00] NOTICE: fpm is running, pid 7466
[20-Aug-2018 21:28:00] NOTICE: ready to handle connections
[20-Aug-2018 21:28:20] NOTICE: Terminating ...
[20-Aug-2018 21:28:20] NOTICE: exiting, bye-bye!
[20-Aug-2018 21:28:36] NOTICE: fpm is running, pid 7484
[20-Aug-2018 21:28:36] NOTICE: ready to handle connections
[21-Aug-2018 17:28:29] NOTICE: fpm is running, pid 2369
[21-Aug-2018 17:28:29] NOTICE: ready to handle connections
[23-Aug-2018 04:16:01] NOTICE: fpm is running, pid 3215
[23-Aug-2018 04:16:01] NOTICE: ready to handle connections
[23-Aug-2018 14:22:41] NOTICE: fpm is running, pid 1488
[23-Aug-2018 14:22:41] NOTICE: ready to handle connections
[24-Aug-2018 00:32:24] NOTICE: fpm is running, pid 1673
[24-Aug-2018 00:32:24] NOTICE: ready to handle connections
[24-Aug-2018 09:53:23] NOTICE: fpm is running, pid 2640
[24-Aug-2018 09:53:23] NOTICE: ready to handle connections
[25-Aug-2018 00:33:37] NOTICE: fpm is running, pid 1517
[25-Aug-2018 00:33:37] NOTICE: ready to handle connections
[25-Aug-2018 09:08:10] NOTICE: fpm is running, pid 2236
[25-Aug-2018 09:08:10] NOTICE: ready to handle connections
[25-Aug-2018 17:11:29] NOTICE: fpm is running, pid 1767
[25-Aug-2018 17:11:29] NOTICE: ready to handle connections
[26-Aug-2018 10:50:59] NOTICE: fpm is running, pid 1773
[26-Aug-2018 10:50:59] NOTICE: ready to handle connections
[26-Aug-2018 18:48:11] NOTICE: fpm is running, pid 1687
[26-Aug-2018 18:48:11] NOTICE: ready to handle connections
[27-Aug-2018 22:27:14] NOTICE: fpm is running, pid 1390
[27-Aug-2018 22:27:14] NOTICE: ready to handle connections
[28-Aug-2018 02:14:16] NOTICE: Terminating ...
[28-Aug-2018 02:14:16] NOTICE: exiting, bye-bye!
[28-Aug-2018 02:14:16] NOTICE: fpm is running, pid 8934
[28-Aug-2018 02:14:16] NOTICE: ready to handle connections
[28-Aug-2018 02:17:49] NOTICE: Terminating ...
[28-Aug-2018 02:17:49] NOTICE: exiting, bye-bye!
[28-Aug-2018 02:17:49] NOTICE: fpm is running, pid 9014
[28-Aug-2018 02:17:49] NOTICE: ready to handle connections
[28-Aug-2018 02:20:05] ERROR: unable to bind listening socket for address '127.0.0.1:9000': Address already in use (98)
[28-Aug-2018 02:20:05] ERROR: FPM initialization failed
[28-Aug-2018 02:20:10] NOTICE: Terminating ...
[28-Aug-2018 02:20:10] NOTICE: exiting, bye-bye!
[28-Aug-2018 02:20:10] NOTICE: fpm is running, pid 9065
[28-Aug-2018 02:20:10] NOTICE: ready to handle connections
[28-Aug-2018 09:10:03] NOTICE: fpm is running, pid 1895
[28-Aug-2018 09:10:03] NOTICE: ready to handle connections
[28-Aug-2018 13:55:29] NOTICE: fpm is running, pid 1424
[28-Aug-2018 13:55:29] NOTICE: ready to handle connections
[28-Aug-2018 20:18:18] NOTICE: fpm is running, pid 18923
[28-Aug-2018 20:18:18] NOTICE: ready to handle connections
[28-Aug-2018 21:58:02] NOTICE: Terminating ...
[28-Aug-2018 21:58:02] NOTICE: exiting, bye-bye!
[28-Aug-2018 21:58:02] NOTICE: fpm is running, pid 19911
[28-Aug-2018 21:58:02] NOTICE: ready to handle connections
[29-Aug-2018 10:00:15] NOTICE: fpm is running, pid 2032
[29-Aug-2018 10:00:15] NOTICE: ready to handle connections
[29-Aug-2018 17:39:50] NOTICE: fpm is running, pid 1782
[29-Aug-2018 17:39:50] NOTICE: ready to handle connections
[29-Aug-2018 21:46:52] WARNING: [pool www] server reached pm.max_children setting (5), consider raising it
[30-Aug-2018 02:14:08] NOTICE: Terminating ...
[30-Aug-2018 02:14:08] NOTICE: exiting, bye-bye!
[30-Aug-2018 02:14:09] NOTICE: fpm is running, pid 16574
[30-Aug-2018 02:14:09] NOTICE: ready to handle connections
[30-Aug-2018 03:03:56] NOTICE: Terminating ...
[30-Aug-2018 03:03:56] NOTICE: exiting, bye-bye!
[30-Aug-2018 03:03:56] NOTICE: fpm is running, pid 18541
[30-Aug-2018 03:03:56] NOTICE: ready to handle connections
[30-Aug-2018 16:58:18] NOTICE: fpm is running, pid 2252
[30-Aug-2018 16:58:18] NOTICE: ready to handle connections
[31-Aug-2018 17:14:52] NOTICE: fpm is running, pid 1305
[31-Aug-2018 17:14:52] NOTICE: ready to handle connections
[01-Sep-2018 06:36:45] NOTICE: fpm is running, pid 1678
[01-Sep-2018 06:36:45] NOTICE: ready to handle connections
[06-Sep-2018 02:15:19] NOTICE: fpm is running, pid 2726
[06-Sep-2018 02:15:19] NOTICE: ready to handle connections
[06-Sep-2018 19:06:16] NOTICE: fpm is running, pid 1867
[06-Sep-2018 19:06:16] NOTICE: ready to handle connections
[10-Sep-2018 16:52:11] NOTICE: fpm is running, pid 2280
[10-Sep-2018 16:52:11] NOTICE: ready to handle connections
[10-Sep-2018 17:51:02] NOTICE: Terminating ...
[10-Sep-2018 17:51:02] NOTICE: exiting, bye-bye!
[10-Sep-2018 18:42:29] NOTICE: fpm is running, pid 11552
[10-Sep-2018 18:42:29] NOTICE: ready to handle connections
[12-Sep-2018 21:11:06] NOTICE: fpm is running, pid 2206
[12-Sep-2018 21:11:06] NOTICE: ready to handle connections
[14-Sep-2018 20:55:21] NOTICE: fpm is running, pid 2667
[14-Sep-2018 20:55:21] NOTICE: ready to handle connections
[14-Sep-2018 21:19:23] NOTICE: Terminating ...
[14-Sep-2018 21:19:23] NOTICE: exiting, bye-bye!
[14-Sep-2018 22:40:47] NOTICE: fpm is running, pid 4673
[14-Sep-2018 22:40:47] NOTICE: ready to handle connections
[15-Sep-2018 17:32:24] NOTICE: fpm is running, pid 2622
[15-Sep-2018 17:32:24] NOTICE: ready to handle connections
[15-Sep-2018 17:50:50] NOTICE: Terminating ...
[15-Sep-2018 17:50:50] NOTICE: exiting, bye-bye!
[15-Sep-2018 17:50:50] NOTICE: fpm is running, pid 2904
[15-Sep-2018 17:50:50] NOTICE: ready to handle connections
[16-Sep-2018 00:14:47] NOTICE: fpm is running, pid 3097
[16-Sep-2018 00:14:47] NOTICE: ready to handle connections
[16-Sep-2018 18:26:16] NOTICE: fpm is running, pid 1542
[16-Sep-2018 18:26:16] NOTICE: ready to handle connections
[17-Sep-2018 01:15:53] NOTICE: Terminating ...
[17-Sep-2018 01:15:53] NOTICE: exiting, bye-bye!
[17-Sep-2018 01:15:54] NOTICE: fpm is running, pid 9349
[17-Sep-2018 01:15:54] NOTICE: ready to handle connections
[17-Sep-2018 01:18:56] NOTICE: Terminating ...
[17-Sep-2018 01:18:56] NOTICE: exiting, bye-bye!
[17-Sep-2018 01:18:56] NOTICE: fpm is running, pid 9433
[17-Sep-2018 01:18:56] NOTICE: ready to handle connections
[17-Sep-2018 01:21:51] NOTICE: Terminating ...
[17-Sep-2018 01:21:51] NOTICE: exiting, bye-bye!
[17-Sep-2018 01:21:51] NOTICE: fpm is running, pid 9490
[17-Sep-2018 01:21:51] NOTICE: ready to handle connections
[17-Sep-2018 01:23:08] NOTICE: Terminating ...
[17-Sep-2018 01:23:08] NOTICE: exiting, bye-bye!
[17-Sep-2018 01:23:08] NOTICE: fpm is running, pid 9532
[17-Sep-2018 01:23:08] NOTICE: ready to handle connections
[17-Sep-2018 01:28:11] NOTICE: Terminating ...
[17-Sep-2018 01:28:11] NOTICE: exiting, bye-bye!
[17-Sep-2018 01:28:11] NOTICE: fpm is running, pid 9589
[17-Sep-2018 01:28:11] NOTICE: ready to handle connections
[17-Sep-2018 01:40:00] NOTICE: Terminating ...
[17-Sep-2018 01:40:00] NOTICE: exiting, bye-bye!
[17-Sep-2018 01:40:00] NOTICE: fpm is running, pid 9906
[17-Sep-2018 01:40:00] NOTICE: ready to handle connections
[17-Sep-2018 01:44:22] NOTICE: Terminating ...
[17-Sep-2018 01:44:22] NOTICE: exiting, bye-bye!
[17-Sep-2018 01:44:22] NOTICE: fpm is running, pid 10069
[17-Sep-2018 01:44:22] NOTICE: ready to handle connections
[17-Sep-2018 01:45:43] NOTICE: Terminating ...
[17-Sep-2018 01:45:43] NOTICE: exiting, bye-bye!
[17-Sep-2018 01:45:43] NOTICE: fpm is running, pid 10115
[17-Sep-2018 01:45:43] NOTICE: ready to handle connections
[17-Sep-2018 01:48:08] NOTICE: Terminating ...
[17-Sep-2018 01:48:08] NOTICE: exiting, bye-bye!
[17-Sep-2018 01:48:13] NOTICE: fpm is running, pid 10163
[17-Sep-2018 01:48:13] NOTICE: ready to handle connections
[17-Sep-2018 01:50:29] NOTICE: Terminating ...
[17-Sep-2018 01:50:29] NOTICE: exiting, bye-bye!
[17-Sep-2018 01:50:29] NOTICE: fpm is running, pid 10200
[17-Sep-2018 01:50:29] NOTICE: ready to handle connections
[17-Sep-2018 01:53:49] NOTICE: Terminating ...
[17-Sep-2018 01:53:49] NOTICE: exiting, bye-bye!
[17-Sep-2018 01:53:49] NOTICE: fpm is running, pid 10253
[17-Sep-2018 01:53:49] NOTICE: ready to handle connections
[17-Sep-2018 01:55:19] NOTICE: Terminating ...
[17-Sep-2018 01:55:19] NOTICE: exiting, bye-bye!
[17-Sep-2018 01:55:19] NOTICE: fpm is running, pid 10282
[17-Sep-2018 01:55:19] NOTICE: ready to handle connections
[17-Sep-2018 02:03:09] NOTICE: Terminating ...
[17-Sep-2018 02:03:09] NOTICE: exiting, bye-bye!
[17-Sep-2018 02:03:09] NOTICE: fpm is running, pid 10383
[17-Sep-2018 02:03:09] NOTICE: ready to handle connections
[17-Sep-2018 02:08:07] NOTICE: Terminating ...
[17-Sep-2018 02:08:07] ERROR: unable to bind listening socket for address '127.0.0.1:9000': Address already in use (98)
[17-Sep-2018 02:08:07] NOTICE: exiting, bye-bye!
[17-Sep-2018 02:08:07] ERROR: FPM initialization failed
[17-Sep-2018 02:08:15] NOTICE: fpm is running, pid 10505
[17-Sep-2018 02:08:15] NOTICE: ready to handle connections
[17-Sep-2018 02:08:27] NOTICE: Terminating ...
[17-Sep-2018 02:08:27] NOTICE: exiting, bye-bye!
[17-Sep-2018 02:08:32] NOTICE: fpm is running, pid 10526
[17-Sep-2018 02:08:32] NOTICE: ready to handle connections
[17-Sep-2018 02:09:21] NOTICE: Terminating ...
[17-Sep-2018 02:09:21] NOTICE: exiting, bye-bye!
[17-Sep-2018 02:09:21] NOTICE: fpm is running, pid 10580
[17-Sep-2018 02:09:21] NOTICE: ready to handle connections
[17-Sep-2018 02:26:02] NOTICE: Terminating ...
[17-Sep-2018 02:26:02] NOTICE: exiting, bye-bye!
[17-Sep-2018 02:26:02] NOTICE: fpm is running, pid 11011
[17-Sep-2018 02:26:02] NOTICE: ready to handle connections
[17-Sep-2018 14:28:31] NOTICE: fpm is running, pid 2382
[17-Sep-2018 14:28:31] NOTICE: ready to handle connections
[17-Sep-2018 18:16:02] NOTICE: Terminating ...
[17-Sep-2018 18:16:03] NOTICE: exiting, bye-bye!
[17-Sep-2018 18:16:03] NOTICE: fpm is running, pid 7421
[17-Sep-2018 18:16:03] NOTICE: ready to handle connections
[17-Sep-2018 18:31:46] NOTICE: Terminating ...
[17-Sep-2018 18:31:46] NOTICE: exiting, bye-bye!
[17-Sep-2018 18:31:55] NOTICE: fpm is running, pid 8427
[17-Sep-2018 18:31:55] NOTICE: ready to handle connections
[17-Sep-2018 18:49:30] NOTICE: fpm is running, pid 1294
[17-Sep-2018 18:49:30] NOTICE: ready to handle connections
[18-Sep-2018 09:13:02] NOTICE: fpm is running, pid 2103
[18-Sep-2018 09:13:02] NOTICE: ready to handle connections
[18-Sep-2018 16:53:24] NOTICE: fpm is running, pid 1754
[18-Sep-2018 16:53:24] NOTICE: ready to handle connections
[19-Sep-2018 01:23:23] NOTICE: fpm is running, pid 2133
[19-Sep-2018 01:23:23] NOTICE: ready to handle connections
[19-Sep-2018 17:55:45] NOTICE: fpm is running, pid 1822
[19-Sep-2018 17:55:45] NOTICE: ready to handle connections
[19-Sep-2018 21:19:25] NOTICE: fpm is running, pid 1851
[19-Sep-2018 21:19:25] NOTICE: ready to handle connections
[20-Sep-2018 02:19:45] NOTICE: fpm is running, pid 3291
[20-Sep-2018 02:19:45] NOTICE: ready to handle connections
[20-Sep-2018 17:12:04] NOTICE: fpm is running, pid 2310
[20-Sep-2018 17:12:04] NOTICE: ready to handle connections
[21-Sep-2018 14:43:08] NOTICE: fpm is running, pid 2048
[21-Sep-2018 14:43:08] NOTICE: ready to handle connections
[22-Sep-2018 16:17:01] NOTICE: fpm is running, pid 2186
[22-Sep-2018 16:17:01] NOTICE: ready to handle connections
[22-Sep-2018 23:30:05] NOTICE: fpm is running, pid 1948
[22-Sep-2018 23:30:05] NOTICE: ready to handle connections
[23-Sep-2018 02:55:06] NOTICE: fpm is running, pid 1297
[23-Sep-2018 02:55:06] NOTICE: ready to handle connections
[23-Sep-2018 18:56:56] NOTICE: fpm is running, pid 1769
[23-Sep-2018 18:56:56] NOTICE: ready to handle connections
[31-Oct-2018 22:14:06] NOTICE: fpm is running, pid 2491
[31-Oct-2018 22:14:06] NOTICE: ready to handle connections
[31-Oct-2018 22:14:15] NOTICE: Terminating ...
[31-Oct-2018 22:14:15] NOTICE: exiting, bye-bye!
[31-Oct-2018 22:14:15] NOTICE: fpm is running, pid 2505
[31-Oct-2018 22:14:15] NOTICE: ready to handle connections
[01-Nov-2018 01:47:11] NOTICE: fpm is running, pid 1470
[01-Nov-2018 01:47:11] NOTICE: ready to handle connections
[01-Nov-2018 01:49:43] ERROR: unable to bind listening socket for address '127.0.0.1:9000': Address already in use (98)
[01-Nov-2018 01:49:43] ERROR: FPM initialization failed
[01-Nov-2018 01:49:54] NOTICE: Terminating ...
[01-Nov-2018 01:49:54] NOTICE: exiting, bye-bye!
[01-Nov-2018 01:49:57] NOTICE: fpm is running, pid 1511
[01-Nov-2018 01:49:57] NOTICE: ready to handle connections
[01-Nov-2018 01:51:59] NOTICE: Terminating ...
[01-Nov-2018 01:51:59] NOTICE: exiting, bye-bye!
[01-Nov-2018 01:51:59] NOTICE: fpm is running, pid 1819
[01-Nov-2018 01:51:59] NOTICE: ready to handle connections
[01-Nov-2018 01:52:02] NOTICE: Terminating ...
[01-Nov-2018 01:52:02] NOTICE: exiting, bye-bye!
[01-Nov-2018 01:52:02] NOTICE: fpm is running, pid 1833
[01-Nov-2018 01:52:02] NOTICE: ready to handle connections
[01-Nov-2018 01:53:13] NOTICE: Terminating ...
[01-Nov-2018 01:53:13] NOTICE: exiting, bye-bye!
[01-Nov-2018 01:53:13] NOTICE: fpm is running, pid 1902
[01-Nov-2018 01:53:13] NOTICE: ready to handle connections
[01-Nov-2018 01:53:16] NOTICE: Terminating ...
[01-Nov-2018 01:53:16] NOTICE: exiting, bye-bye!
[01-Nov-2018 01:53:16] NOTICE: fpm is running, pid 1916
[01-Nov-2018 01:53:16] NOTICE: ready to handle connections
[01-Nov-2018 01:53:23] NOTICE: Terminating ...
[01-Nov-2018 01:53:23] NOTICE: exiting, bye-bye!
[01-Nov-2018 01:53:23] NOTICE: fpm is running, pid 1933
[01-Nov-2018 01:53:23] NOTICE: ready to handle connections
[01-Nov-2018 01:53:29] NOTICE: Terminating ...
[01-Nov-2018 01:53:29] NOTICE: exiting, bye-bye!
[01-Nov-2018 01:53:32] NOTICE: fpm is running, pid 1948
[01-Nov-2018 01:53:32] NOTICE: ready to handle connections
[01-Nov-2018 01:54:19] ERROR: unable to bind listening socket for address '127.0.0.1:9000': Address already in use (98)
[01-Nov-2018 01:54:19] ERROR: FPM initialization failed
[01-Nov-2018 01:54:24] NOTICE: Terminating ...
[01-Nov-2018 01:54:24] NOTICE: exiting, bye-bye!
[01-Nov-2018 01:54:24] NOTICE: fpm is running, pid 1977
[01-Nov-2018 01:54:24] NOTICE: ready to handle connections
[01-Nov-2018 01:54:26] NOTICE: Terminating ...
[01-Nov-2018 01:54:26] NOTICE: exiting, bye-bye!
[01-Nov-2018 01:54:26] NOTICE: fpm is running, pid 1993
[01-Nov-2018 01:54:26] NOTICE: ready to handle connections
[01-Nov-2018 01:58:54] NOTICE: Terminating ...
[01-Nov-2018 01:58:54] NOTICE: exiting, bye-bye!
[01-Nov-2018 01:58:54] NOTICE: fpm is running, pid 2193
[01-Nov-2018 01:58:54] NOTICE: ready to handle connections
[01-Nov-2018 01:59:25] NOTICE: Terminating ...
[01-Nov-2018 01:59:25] NOTICE: exiting, bye-bye!
[01-Nov-2018 01:59:25] NOTICE: fpm is running, pid 2213
[01-Nov-2018 01:59:25] NOTICE: ready to handle connections
[01-Nov-2018 01:59:49] NOTICE: Terminating ...
[01-Nov-2018 01:59:49] NOTICE: exiting, bye-bye!
[01-Nov-2018 01:59:49] NOTICE: fpm is running, pid 2235
[01-Nov-2018 01:59:49] NOTICE: ready to handle connections
[01-Nov-2018 02:00:15] NOTICE: Terminating ...
[01-Nov-2018 02:00:15] NOTICE: exiting, bye-bye!
[01-Nov-2018 02:00:15] NOTICE: fpm is running, pid 2253
[01-Nov-2018 02:00:15] NOTICE: ready to handle connections
[03-Nov-2018 03:44:41] NOTICE: fpm is running, pid 2235
[03-Nov-2018 03:44:41] NOTICE: ready to handle connections
[03-Nov-2018 04:16:39] ERROR: unable to bind listening socket for address '127.0.0.1:9000': Address already in use (98)
[03-Nov-2018 04:16:39] ERROR: FPM initialization failed
[03-Nov-2018 04:16:44] NOTICE: Terminating ...
[03-Nov-2018 04:16:44] NOTICE: exiting, bye-bye!
[03-Nov-2018 04:16:44] NOTICE: fpm is running, pid 4355
[03-Nov-2018 04:16:44] NOTICE: ready to handle connections
[04-Nov-2018 14:22:37] NOTICE: fpm is running, pid 2251
[04-Nov-2018 14:22:37] NOTICE: ready to handle connections
[23-Nov-2018 06:34:06] NOTICE: fpm is running, pid 2470
[23-Nov-2018 06:34:06] NOTICE: ready to handle connections
[23-Nov-2018 17:48:45] NOTICE: fpm is running, pid 1843
[23-Nov-2018 17:48:45] NOTICE: ready to handle connections
[24-Nov-2018 14:37:15] NOTICE: fpm is running, pid 2389
[24-Nov-2018 14:37:15] NOTICE: ready to handle connections
[25-Nov-2018 09:35:28] NOTICE: fpm is running, pid 1828
[25-Nov-2018 09:35:28] NOTICE: ready to handle connections
[25-Nov-2018 22:41:10] NOTICE: fpm is running, pid 5213
[25-Nov-2018 22:41:10] NOTICE: ready to handle connections
[26-Nov-2018 17:32:10] NOTICE: fpm is running, pid 1407
[26-Nov-2018 17:32:10] NOTICE: ready to handle connections
[27-Nov-2018 08:21:02] NOTICE: fpm is running, pid 2024
[27-Nov-2018 08:21:03] NOTICE: ready to handle connections
[27-Nov-2018 08:23:10] NOTICE: Terminating ...
[27-Nov-2018 08:23:10] NOTICE: exiting, bye-bye!
[27-Nov-2018 08:23:10] NOTICE: fpm is running, pid 2445
[27-Nov-2018 08:23:10] NOTICE: ready to handle connections
[27-Nov-2018 23:46:47] NOTICE: fpm is running, pid 1880
[27-Nov-2018 23:46:47] NOTICE: ready to handle connections
[28-Nov-2018 22:15:07] NOTICE: fpm is running, pid 2700
[28-Nov-2018 22:15:07] NOTICE: ready to handle connections
[29-Nov-2018 10:07:37] NOTICE: fpm is running, pid 2548
[29-Nov-2018 10:07:37] NOTICE: ready to handle connections
[29-Nov-2018 17:58:47] NOTICE: fpm is running, pid 2016
[29-Nov-2018 17:58:47] NOTICE: ready to handle connections
[29-Nov-2018 19:00:15] NOTICE: fpm is running, pid 2007
[29-Nov-2018 19:00:15] NOTICE: ready to handle connections
[30-Nov-2018 16:41:14] NOTICE: fpm is running, pid 3384
[30-Nov-2018 16:41:14] NOTICE: ready to handle connections
[01-Dec-2018 23:08:36] NOTICE: fpm is running, pid 2269
[01-Dec-2018 23:08:37] NOTICE: ready to handle connections
[02-Dec-2018 14:59:57] NOTICE: fpm is running, pid 1622
[02-Dec-2018 14:59:57] NOTICE: ready to handle connections
[03-Dec-2018 13:44:29] NOTICE: fpm is running, pid 1379
[03-Dec-2018 13:44:29] NOTICE: ready to handle connections
[04-Dec-2018 05:36:50] NOTICE: fpm is running, pid 2115
[04-Dec-2018 05:36:50] NOTICE: ready to handle connections
[04-Dec-2018 21:43:31] NOTICE: fpm is running, pid 3626
[04-Dec-2018 21:43:31] NOTICE: ready to handle connections
